  CarManagement.cpp
D:\adsassign1\CarManagement\CarManagement.cpp(56,17): warning C4477: 'scanf_s' : format string '%9s' requires an argument of type 'unsigned int', but variadic argument 2 has type 'size_t'
  D:\adsassign1\CarManagement\CarManagement.cpp(56,17):
  this argument is used as a buffer size
  
D:\adsassign1\CarManagement\CarManagement.cpp(66,13): warning C4477: 'scanf_s' : format string '%49s' requires an argument of type 'unsigned int', but variadic argument 2 has type 'size_t'
  D:\adsassign1\CarManagement\CarManagement.cpp(66,13):
  this argument is used as a buffer size
  
D:\adsassign1\CarManagement\CarManagement.cpp(68,13): warning C4477: 'scanf_s' : format string '%19s' requires an argument of type 'unsigned int', but variadic argument 2 has type 'size_t'
  D:\adsassign1\CarManagement\CarManagement.cpp(68,13):
  this argument is used as a buffer size
  
D:\adsassign1\CarManagement\CarManagement.cpp(120,28): warning C4474: 'scanf_s' : too many arguments passed for format string
  D:\adsassign1\CarManagement\CarManagement.cpp(120,28):
  placeholders and their parameters expect 1 variadic arguments, but 2 were provided
  
D:\adsassign1\CarManagement\CarManagement.cpp(123,13): warning C4477: 'scanf_s' : format string '%9s' requires an argument of type 'unsigned int', but variadic argument 2 has type 'size_t'
  D:\adsassign1\CarManagement\CarManagement.cpp(123,13):
  this argument is used as a buffer size
  
D:\adsassign1\CarManagement\CarManagement.cpp(137,41): warning C4474: 'scanf_s' : too many arguments passed for format string
  D:\adsassign1\CarManagement\CarManagement.cpp(137,41):
  placeholders and their parameters expect 1 variadic arguments, but 2 were provided
  
D:\adsassign1\CarManagement\CarManagement.cpp(163,32): warning C4474: 'scanf_s' : too many arguments passed for format string
  D:\adsassign1\CarManagement\CarManagement.cpp(163,32):
  placeholders and their parameters expect 1 variadic arguments, but 2 were provided
  
  CarManagement.vcxproj -> D:\adsassign1\CarManagement\x64\Debug\CarManagement.exe
